<?xml version="1.0" encoding="UTF-8"?>
<testsuite xmlns:xsi="http://www.w3.org/2001/XMLSchema-instance" xsi:noNamespaceSchemaLocation="https://maven.apache.org/surefire/maven-surefire-plugin/xsd/surefire-test-report-3.0.xsd" version="3.0" name="TestePersistencia" time="2.829" tests="1" errors="0" skipped="0" failures="0">
  <properties>
    <property name="java.specification.version" value="23"/>
    <property name="sun.cpu.isalist" value="amd64"/>
    <property name="sun.jnu.encoding" value="Cp1252"/>
    <property name="java.class.path" value="D:\Downloads\ProjetoLPOOE1_AdrielBZanetti-05112024\ProjetoLPOOE1_AdrielBZanetti-05112024\target\test-classes;D:\Downloads\ProjetoLPOOE1_AdrielBZanetti-05112024\ProjetoLPOOE1_AdrielBZanetti-05112024\target\classes;C:\Users\adrie\.m2\repository\org\hibernate\javax\persistence\hibernate-jpa-2.1-api\1.0.2.Final\hibernate-jpa-2.1-api-1.0.2.Final.jar;C:\Users\adrie\.m2\repository\org\hibernate\hibernate-core\5.3.3.Final\hibernate-core-5.3.3.Final.jar;C:\Users\adrie\.m2\repository\org\jboss\logging\jboss-logging\3.3.2.Final\jboss-logging-3.3.2.Final.jar;C:\Users\adrie\.m2\repository\javax\persistence\javax.persistence-api\2.2\javax.persistence-api-2.2.jar;C:\Users\adrie\.m2\repository\org\javassist\javassist\3.23.1-GA\javassist-3.23.1-GA.jar;C:\Users\adrie\.m2\repository\net\bytebuddy\byte-buddy\1.8.13\byte-buddy-1.8.13.jar;C:\Users\adrie\.m2\repository\antlr\antlr\2.7.7\antlr-2.7.7.jar;C:\Users\adrie\.m2\repository\org\jboss\spec\javax\transaction\jboss-transaction-api_1.2_spec\1.1.1.Final\jboss-transaction-api_1.2_spec-1.1.1.Final.jar;C:\Users\adrie\.m2\repository\org\jboss\jandex\2.0.5.Final\jandex-2.0.5.Final.jar;C:\Users\adrie\.m2\repository\com\fasterxml\classmate\1.3.4\classmate-1.3.4.jar;C:\Users\adrie\.m2\repository\javax\activation\javax.activation-api\1.2.0\javax.activation-api-1.2.0.jar;C:\Users\adrie\.m2\repository\dom4j\dom4j\1.6.1\dom4j-1.6.1.jar;C:\Users\adrie\.m2\repository\org\hibernate\common\hibernate-commons-annotations\5.0.4.Final\hibernate-commons-annotations-5.0.4.Final.jar;C:\Users\adrie\.m2\repository\junit\junit\4.11\junit-4.11.jar;C:\Users\adrie\.m2\repository\org\hamcrest\hamcrest-core\1.3\hamcrest-core-1.3.jar;C:\Users\adrie\.m2\repository\org\postgresql\postgresql\42.2.24\postgresql-42.2.24.jar;C:\Users\adrie\.m2\repository\org\checkerframework\checker-qual\3.5.0\checker-qual-3.5.0.jar;C:\Users\adrie\.m2\repository\org\hibernate\hibernate-entitymanager\4.3.1.Final\hibernate-entitymanager-4.3.1.Final.jar;C:\Users\adrie\.m2\repository\org\jboss\logging\jboss-logging-annotations\1.2.0.Beta1\jboss-logging-annotations-1.2.0.Beta1.jar;C:\Users\adrie\.m2\repository\javax\xml\bind\jaxb-api\2.3.0\jaxb-api-2.3.0.jar;C:\Users\adrie\.m2\repository\org\eclipse\persistence\org.eclipse.persistence.core\2.7.12\org.eclipse.persistence.core-2.7.12.jar;C:\Users\adrie\.m2\repository\org\eclipse\persistence\org.eclipse.persistence.asm\9.4.0\org.eclipse.persistence.asm-9.4.0.jar;C:\Users\adrie\.m2\repository\org\eclipse\persistence\org.eclipse.persistence.antlr\2.7.12\org.eclipse.persistence.antlr-2.7.12.jar;C:\Users\adrie\.m2\repository\org\eclipse\persistence\org.eclipse.persistence.jpa\2.7.12\org.eclipse.persistence.jpa-2.7.12.jar;C:\Users\adrie\.m2\repository\org\eclipse\persistence\org.eclipse.persistence.jpa.jpql\2.7.12\org.eclipse.persistence.jpa.jpql-2.7.12.jar;C:\Users\adrie\.m2\repository\org\eclipse\persistence\org.eclipse.persistence.moxy\2.7.12\org.eclipse.persistence.moxy-2.7.12.jar;C:\Users\adrie\.m2\repository\org\eclipse\persistence\jakarta.persistence\2.2.3\jakarta.persistence-2.2.3.jar;C:\Users\adrie\.m2\repository\org\eclipse\persistence\org.eclipse.persistence.jpa.modelgen.processor\2.7.12\org.eclipse.persistence.jpa.modelgen.processor-2.7.12.jar;"/>
    <property name="java.vm.vendor" value="Oracle Corporation"/>
    <property name="sun.arch.data.model" value="64"/>
    <property name="user.variant" value=""/>
    <property name="java.vendor.url" value="https://java.oracle.com/"/>
    <property name="user.timezone" value="America/Sao_Paulo"/>
    <property name="os.name" value="Windows 10"/>
    <property name="java.vm.specification.version" value="23"/>
    <property name="user.country" value="BR"/>
    <property name="sun.java.launcher" value="SUN_STANDARD"/>
    <property name="sun.boot.library.path" value="C:\Program Files\Java\jdk-23\bin"/>
    <property name="sun.java.command" value="C:\Users\adrie\AppData\Local\Temp\surefire192865921510306809\surefirebooter-20241202200427655_3.jar C:\Users\adrie\AppData\Local\Temp\surefire192865921510306809 2024-12-02T20-04-27_457-jvmRun1 surefire-20241202200427655_1tmp surefire_0-20241202200427655_2tmp"/>
    <property name="jdk.debug" value="release"/>
    <property name="test" value="TestePersistencia"/>
    <property name="surefire.test.class.path" value="D:\Downloads\ProjetoLPOOE1_AdrielBZanetti-05112024\ProjetoLPOOE1_AdrielBZanetti-05112024\target\test-classes;D:\Downloads\ProjetoLPOOE1_AdrielBZanetti-05112024\ProjetoLPOOE1_AdrielBZanetti-05112024\target\classes;C:\Users\adrie\.m2\repository\org\hibernate\javax\persistence\hibernate-jpa-2.1-api\1.0.2.Final\hibernate-jpa-2.1-api-1.0.2.Final.jar;C:\Users\adrie\.m2\repository\org\hibernate\hibernate-core\5.3.3.Final\hibernate-core-5.3.3.Final.jar;C:\Users\adrie\.m2\repository\org\jboss\logging\jboss-logging\3.3.2.Final\jboss-logging-3.3.2.Final.jar;C:\Users\adrie\.m2\repository\javax\persistence\javax.persistence-api\2.2\javax.persistence-api-2.2.jar;C:\Users\adrie\.m2\repository\org\javassist\javassist\3.23.1-GA\javassist-3.23.1-GA.jar;C:\Users\adrie\.m2\repository\net\bytebuddy\byte-buddy\1.8.13\byte-buddy-1.8.13.jar;C:\Users\adrie\.m2\repository\antlr\antlr\2.7.7\antlr-2.7.7.jar;C:\Users\adrie\.m2\repository\org\jboss\spec\javax\transaction\jboss-transaction-api_1.2_spec\1.1.1.Final\jboss-transaction-api_1.2_spec-1.1.1.Final.jar;C:\Users\adrie\.m2\repository\org\jboss\jandex\2.0.5.Final\jandex-2.0.5.Final.jar;C:\Users\adrie\.m2\repository\com\fasterxml\classmate\1.3.4\classmate-1.3.4.jar;C:\Users\adrie\.m2\repository\javax\activation\javax.activation-api\1.2.0\javax.activation-api-1.2.0.jar;C:\Users\adrie\.m2\repository\dom4j\dom4j\1.6.1\dom4j-1.6.1.jar;C:\Users\adrie\.m2\repository\org\hibernate\common\hibernate-commons-annotations\5.0.4.Final\hibernate-commons-annotations-5.0.4.Final.jar;C:\Users\adrie\.m2\repository\junit\junit\4.11\junit-4.11.jar;C:\Users\adrie\.m2\repository\org\hamcrest\hamcrest-core\1.3\hamcrest-core-1.3.jar;C:\Users\adrie\.m2\repository\org\postgresql\postgresql\42.2.24\postgresql-42.2.24.jar;C:\Users\adrie\.m2\repository\org\checkerframework\checker-qual\3.5.0\checker-qual-3.5.0.jar;C:\Users\adrie\.m2\repository\org\hibernate\hibernate-entitymanager\4.3.1.Final\hibernate-entitymanager-4.3.1.Final.jar;C:\Users\adrie\.m2\repository\org\jboss\logging\jboss-logging-annotations\1.2.0.Beta1\jboss-logging-annotations-1.2.0.Beta1.jar;C:\Users\adrie\.m2\repository\javax\xml\bind\jaxb-api\2.3.0\jaxb-api-2.3.0.jar;C:\Users\adrie\.m2\repository\org\eclipse\persistence\org.eclipse.persistence.core\2.7.12\org.eclipse.persistence.core-2.7.12.jar;C:\Users\adrie\.m2\repository\org\eclipse\persistence\org.eclipse.persistence.asm\9.4.0\org.eclipse.persistence.asm-9.4.0.jar;C:\Users\adrie\.m2\repository\org\eclipse\persistence\org.eclipse.persistence.antlr\2.7.12\org.eclipse.persistence.antlr-2.7.12.jar;C:\Users\adrie\.m2\repository\org\eclipse\persistence\org.eclipse.persistence.jpa\2.7.12\org.eclipse.persistence.jpa-2.7.12.jar;C:\Users\adrie\.m2\repository\org\eclipse\persistence\org.eclipse.persistence.jpa.jpql\2.7.12\org.eclipse.persistence.jpa.jpql-2.7.12.jar;C:\Users\adrie\.m2\repository\org\eclipse\persistence\org.eclipse.persistence.moxy\2.7.12\org.eclipse.persistence.moxy-2.7.12.jar;C:\Users\adrie\.m2\repository\org\eclipse\persistence\jakarta.persistence\2.2.3\jakarta.persistence-2.2.3.jar;C:\Users\adrie\.m2\repository\org\eclipse\persistence\org.eclipse.persistence.jpa.modelgen.processor\2.7.12\org.eclipse.persistence.jpa.modelgen.processor-2.7.12.jar;"/>
    <property name="sun.cpu.endian" value="little"/>
    <property name="user.home" value="C:\Users\adrie"/>
    <property name="user.language" value="pt"/>
    <property name="java.specification.vendor" value="Oracle Corporation"/>
    <property name="java.version.date" value="2024-09-17"/>
    <property name="java.home" value="C:\Program Files\Java\jdk-23"/>
    <property name="file.separator" value="\"/>
    <property name="basedir" value="D:\Downloads\ProjetoLPOOE1_AdrielBZanetti-05112024\ProjetoLPOOE1_AdrielBZanetti-05112024"/>
    <property name="java.vm.compressedOopsMode" value="Zero based"/>
    <property name="line.separator" value="&#10;"/>
    <property name="java.vm.specification.vendor" value="Oracle Corporation"/>
    <property name="java.specification.name" value="Java Platform API Specification"/>
    <property name="surefire.real.class.path" value="C:\Users\adrie\AppData\Local\Temp\surefire192865921510306809\surefirebooter-20241202200427655_3.jar"/>
    <property name="user.script" value=""/>
    <property name="sun.management.compiler" value="HotSpot 64-Bit Tiered Compilers"/>
    <property name="java.runtime.version" value="23+37-2369"/>
    <property name="user.name" value="adrie"/>
    <property name="stdout.encoding" value="Cp1252"/>
    <property name="path.separator" value=";"/>
    <property name="os.version" value="10.0"/>
    <property name="java.runtime.name" value="Java(TM) SE Runtime Environment"/>
    <property name="file.encoding" value="UTF-8"/>
    <property name="java.vm.name" value="Java HotSpot(TM) 64-Bit Server VM"/>
    <property name="maven.ext.class.path" value="C:\Program Files\NetBeans-23\netbeans\java\maven-nblib\netbeans-eventspy.jar"/>
    <property name="localRepository" value="C:\Users\adrie\.m2\repository"/>
    <property name="java.vendor.url.bug" value="https://bugreport.java.com/bugreport/"/>
    <property name="java.io.tmpdir" value="C:\Users\adrie\AppData\Local\Temp\"/>
    <property name="java.version" value="23"/>
    <property name="user.dir" value="D:\Downloads\ProjetoLPOOE1_AdrielBZanetti-05112024\ProjetoLPOOE1_AdrielBZanetti-05112024"/>
    <property name="os.arch" value="amd64"/>
    <property name="java.vm.specification.name" value="Java Virtual Machine Specification"/>
    <property name="sun.os.patch.level" value=""/>
    <property name="native.encoding" value="Cp1252"/>
    <property name="java.library.path" value="C:\Program Files\Java\jdk-23\bin;C:\Windows\Sun\Java\bin;C:\Windows\system32;C:\Windows;C:\Program Files\Common Files\Oracle\Java\javapath;C:\Program Files (x86)\Common Files\Oracle\Java\java8path;C:\Program Files (x86)\Common Files\Oracle\Java\javapath;C:\Program Files (x86)\NVIDIA Corporation\PhysX\Common;C:\Windows\system32;C:\Windows;C:\Windows\System32\Wbem;C:\Windows\System32\WindowsPowerShell\v1.0\;C:\Windows\System32\OpenSSH\;C:\Program Files\Git\cmd;C:\Users\adrie\AppData\Local\Microsoft\WindowsApps;C:\Users\adrie\AppData\Local\Programs\Microsoft VS Code\bin;D:\mingw64\bin;;."/>
    <property name="java.vm.info" value="mixed mode, sharing"/>
    <property name="stderr.encoding" value="Cp1252"/>
    <property name="java.vendor" value="Oracle Corporation"/>
    <property name="java.vm.version" value="23+37-2369"/>
    <property name="sun.io.unicode.encoding" value="UnicodeLittle"/>
    <property name="java.class.version" value="67.0"/>
  </properties>
  <testcase name="teste" classname="TestePersistencia" time="0.109">
    <system-out><![CDATA[Hibernate: alter table Curso_aulas drop constraint FKtlcturwij1cutd9iywjvf1kfu
Hibernate: alter table tb_Administrativo drop constraint FKjnvlmefo4bw6srou1ann9eupf
Hibernate: alter table tb_Aluno drop constraint FKogi7u3y52lklow8s67pt3y0ca
Hibernate: alter table tb_Curso drop constraint FKlag5nss0qgm0whhimdk7jmu98
Hibernate: alter table tb_Curso drop constraint FKdtbdshdppr1m3wd20orv83hsk
Hibernate: alter table tb_Curso drop constraint FKdn30arxcr9uxssenplnl87r5c
Hibernate: alter table tb_Instrutor drop constraint FKpc4onqb2x1cgr4quepmto40if
Hibernate: drop table if exists Curso_aulas cascade
Hibernate: drop table if exists tb_Administrativo cascade
Hibernate: drop table if exists tb_Aluno cascade
Hibernate: drop table if exists tb_Curso cascade
Hibernate: drop table if exists tb_Instrutor cascade
Hibernate: drop table if exists tb_Pessoa cascade
Hibernate: drop sequence if exists hibernate_sequence
Hibernate: create sequence hibernate_sequence start 1 increment 1
Hibernate: create table Curso_aulas (Curso_id int4 not null, aulas timestamp)
Hibernate: create table tb_Administrativo (cargo varchar(255) not null, id int4 not null, primary key (id))
Hibernate: create table tb_Aluno (matricula varchar(255) not null, renach varchar(11) not null, id int4 not null, primary key (id))
Hibernate: create table tb_Curso (id int4 not null, carga_horaria int4 not null, categoria varchar(255) not null, data_inicio date not null, administrativo_id int4 not null, aluno_id int4 not null, instrutor_id int4 not null, primary key (id))
Hibernate: create table tb_Instrutor (cnh varchar(11) not null, id int4 not null, primary key (id))
Hibernate: create table tb_Pessoa (id int4 not null, cpf varchar(11) not null, data_de_nasc date, nome varchar(255) not null, telefone varchar(255) not null, primary key (id))
Hibernate: alter table Curso_aulas add constraint FKtlcturwij1cutd9iywjvf1kfu foreign key (Curso_id) references tb_Curso
Hibernate: alter table tb_Administrativo add constraint FKjnvlmefo4bw6srou1ann9eupf foreign key (id) references tb_Pessoa
Hibernate: alter table tb_Aluno add constraint FKogi7u3y52lklow8s67pt3y0ca foreign key (id) references tb_Pessoa
Hibernate: alter table tb_Curso add constraint FKlag5nss0qgm0whhimdk7jmu98 foreign key (administrativo_id) references tb_Administrativo
Hibernate: alter table tb_Curso add constraint FKdtbdshdppr1m3wd20orv83hsk foreign key (aluno_id) references tb_Aluno
Hibernate: alter table tb_Curso add constraint FKdn30arxcr9uxssenplnl87r5c foreign key (instrutor_id) references tb_Instrutor
Hibernate: alter table tb_Instrutor add constraint FKpc4onqb2x1cgr4quepmto40if foreign key (id) references tb_Pessoa
Conexão aberta.
Hibernate: select nextval ('hibernate_sequence')
Hibernate: insert into tb_Pessoa (cpf, data_de_nasc, nome, telefone, id) values (?, ?, ?, ?, ?)
Hibernate: insert into tb_Administrativo (cargo, id) values (?, ?)
Hibernate: select nextval ('hibernate_sequence')
Hibernate: insert into tb_Pessoa (cpf, data_de_nasc, nome, telefone, id) values (?, ?, ?, ?, ?)
Hibernate: insert into tb_Instrutor (cnh, id) values (?, ?)
Hibernate: select nextval ('hibernate_sequence')
Hibernate: insert into tb_Pessoa (cpf, data_de_nasc, nome, telefone, id) values (?, ?, ?, ?, ?)
Hibernate: insert into tb_Aluno (matricula, renach, id) values (?, ?, ?)
Hibernate: select nextval ('hibernate_sequence')
Hibernate: select nextval ('hibernate_sequence')
Hibernate: select nextval ('hibernate_sequence')
Hibernate: select nextval ('hibernate_sequence')
Hibernate: insert into tb_Pessoa (cpf, data_de_nasc, nome, telefone, id) values (?, ?, ?, ?, ?)
Hibernate: insert into tb_Administrativo (cargo, id) values (?, ?)
Hibernate: insert into tb_Pessoa (cpf, data_de_nasc, nome, telefone, id) values (?, ?, ?, ?, ?)
Hibernate: insert into tb_Aluno (matricula, renach, id) values (?, ?, ?)
Hibernate: insert into tb_Pessoa (cpf, data_de_nasc, nome, telefone, id) values (?, ?, ?, ?, ?)
Hibernate: insert into tb_Instrutor (cnh, id) values (?, ?)
Hibernate: insert into tb_Curso (administrativo_id, aluno_id, carga_horaria, categoria, data_inicio, instrutor_id, id) values (?, ?, ?, ?, ?, ?, ?)
]]></system-out>
    <system-err><![CDATA[dez. 02, 2024 8:04:28 PM org.hibernate.ejb.HibernatePersistence logDeprecation
WARN: HHH015016: Encountered a deprecated javax.persistence.spi.PersistenceProvider [org.hibernate.ejb.HibernatePersistence]; use [org.hibernate.jpa.HibernatePersistenceProvider] instead.
dez. 02, 2024 8:04:28 PM org.hibernate.ejb.HibernatePersistence logDeprecation
WARN: HHH015016: Encountered a deprecated javax.persistence.spi.PersistenceProvider [org.hibernate.ejb.HibernatePersistence]; use [org.hibernate.jpa.HibernatePersistenceProvider] instead.
dez. 02, 2024 8:04:28 PM org.hibernate.jpa.internal.util.LogHelper logPersistenceUnitInformation
INFO: HHH000204: Processing PersistenceUnitInfo [
	name: LPOO_SistemaAUTOESCOLA_jar_1.0-SNAPSHOTPU
	...]
dez. 02, 2024 8:04:28 PM org.hibernate.Version logVersion
INFO: HHH000412: Hibernate Core {5.3.3.Final}
dez. 02, 2024 8:04:28 PM org.hibernate.cfg.Environment <clinit>
INFO: HHH000206: hibernate.properties not found
dez. 02, 2024 8:04:29 PM org.hibernate.annotations.common.reflection.java.JavaReflectionManager <clinit>
INFO: HCANN000001: Hibernate Commons Annotations {5.0.4.Final}
dez. 02, 2024 8:04:29 PM org.hibernate.engine.jdbc.connections.internal.DriverManagerConnectionProviderImpl configure
WARN: HHH10001002: Using Hibernate built-in connection pool (not for production use!)
dez. 02, 2024 8:04:29 PM org.hibernate.engine.jdbc.connections.internal.DriverManagerConnectionProviderImpl buildCreator
INFO: HHH10001005: using driver [org.postgresql.Driver] at URL [jdbc:postgresql://localhost:5432/ProjetoLPOOE2_AdrielBZanetti]
dez. 02, 2024 8:04:29 PM org.hibernate.engine.jdbc.connections.internal.DriverManagerConnectionProviderImpl buildCreator
INFO: HHH10001001: Connection properties: {user=postgres, password=****}
dez. 02, 2024 8:04:29 PM org.hibernate.engine.jdbc.connections.internal.DriverManagerConnectionProviderImpl buildCreator
INFO: HHH10001003: Autocommit mode: false
dez. 02, 2024 8:04:29 PM org.hibernate.engine.jdbc.connections.internal.DriverManagerConnectionProviderImpl$PooledConnections <init>
INFO: HHH000115: Hibernate connection pool size: 20 (min=1)
dez. 02, 2024 8:04:29 PM org.hibernate.dialect.Dialect <init>
INFO: HHH000400: Using dialect: org.hibernate.dialect.PostgreSQLDialect
dez. 02, 2024 8:04:29 PM org.hibernate.engine.jdbc.env.internal.LobCreatorBuilderImpl useContextualLobCreation
INFO: HHH000424: Disabling contextual LOB creation as createClob() method threw error : java.lang.reflect.InvocationTargetException
dez. 02, 2024 8:04:29 PM org.hibernate.type.BasicTypeRegistry register
INFO: HHH000270: Type registration [java.util.UUID] overrides previous : org.hibernate.type.UUIDBinaryType@ec2bf82
dez. 02, 2024 8:04:30 PM org.hibernate.resource.transaction.backend.jdbc.internal.DdlTransactionIsolatorNonJtaImpl getIsolatedConnection
INFO: HHH10001501: Connection obtained from JdbcConnectionAccess [org.hibernate.engine.jdbc.env.internal.JdbcEnvironmentInitiator$ConnectionProviderJdbcConnectionAccess@70c69586] for (non-JTA) DDL execution was not in auto-commit mode; the Connection 'local transaction' will be committed and the Connection will be set into auto-commit mode.
dez. 02, 2024 8:04:30 PM org.hibernate.resource.transaction.backend.jdbc.internal.DdlTransactionIsolatorNonJtaImpl getIsolatedConnection
INFO: HHH10001501: Connection obtained from JdbcConnectionAccess [org.hibernate.engine.jdbc.env.internal.JdbcEnvironmentInitiator$ConnectionProviderJdbcConnectionAccess@56928e17] for (non-JTA) DDL execution was not in auto-commit mode; the Connection 'local transaction' will be committed and the Connection will be set into auto-commit mode.
dez. 02, 2024 8:04:31 PM org.hibernate.tool.schema.internal.SchemaCreatorImpl applyImportSources
INFO: HHH000476: Executing import script 'org.hibernate.tool.schema.internal.exec.ScriptSourceInputNonExistentImpl@3b7eac14'
]]></system-err>
  </testcase>
</testsuite>